# JRE version: OpenJDK Runtime Environment (8.0_242-b01) (build 1.8.0_242-release-1644-b01)
# Java VM: OpenJDK 64-Bit Server VM (25.242-b01 mixed mode windows-amd64 compressed oops)
Heap:
 PSYoungGen      total 658944K, used 612134K [0x00000000d5580000, 0x00000000fff00000, 0x0000000100000000)
  eden space 623104K, 95% used [0x00000000d5580000,0x00000000f97ee798,0x00000000fb600000)
  from space 35840K, 55% used [0x00000000fb600000,0x00000000fc95b3b8,0x00000000fd900000)
  to   space 35840K, 0% used [0x00000000fdc00000,0x00000000fdc00000,0x00000000fff00000)
 ParOldGen       total 336896K, used 174882K [0x0000000080000000, 0x0000000094900000, 0x00000000d5580000)
  object space 336896K, 51% used [0x0000000080000000,0x000000008aac8bc8,0x0000000094900000)
 Metaspace       used 88567K, capacity 93455K, committed 96664K, reserved 1132544K
  class space    used 11593K, capacity 12489K, committed 13232K, reserved 1048576K
GC Heap History (10 events):
Event: 180.520 GC heap before
{Heap before GC invocations=35 (full 4):
 PSYoungGen      total 658432K, used 627482K [0x00000000d5580000, 0x0000000100000000, 0x0000000100000000)
  eden space 616960K, 100% used [0x00000000d5580000,0x00000000fb000000,0x00000000fb000000)
  from space 41472K, 25% used [0x00000000fd780000,0x00000000fe1c6ae0,0x0000000100000000)
  to   space 40448K, 0% used [0x00000000fb000000,0x00000000fb000000,0x00000000fd780000)
 ParOldGen       total 336896K, used 141790K [0x0000000080000000, 0x0000000094900000, 0x00000000d5580000)
  object space 336896K, 42% used [0x0000000080000000,0x0000000088a77a50,0x0000000094900000)
 Metaspace       used 87655K, capacity 92337K, committed 96024K, reserved 1132544K
  class space    used 11491K, capacity 12312K, committed 13104K, reserved 1048576K
Event: 180.539 GC heap after
Heap after GC invocations=35 (full 4):
 PSYoungGen      total 626176K, used 9120K [0x00000000d5580000, 0x00000000ffc00000, 0x0000000100000000)
  eden space 616960K, 0% used [0x00000000d5580000,0x00000000d5580000,0x00000000fb000000)
  from space 9216K, 98% used [0x00000000fb000000,0x00000000fb8e8150,0x00000000fb900000)
  to   space 38912K, 0% used [0x00000000fd600000,0x00000000fd600000,0x00000000ffc00000)
 ParOldGen       total 336896K, used 151025K [0x0000000080000000, 0x0000000094900000, 0x00000000d5580000)
  object space 336896K, 44% used [0x0000000080000000,0x000000008937c5a0,0x0000000094900000)
 Metaspace       used 87655K, capacity 92337K, committed 96024K, reserved 1132544K
  class space    used 11491K, capacity 12312K, committed 13104K, reserved 1048576K
}
Event: 181.104 GC heap before
{Heap before GC invocations=36 (full 4):
 PSYoungGen      total 626176K, used 626080K [0x00000000d5580000, 0x00000000ffc00000, 0x0000000100000000)
  eden space 616960K, 100% used [0x00000000d5580000,0x00000000fb000000,0x00000000fb000000)
  from space 9216K, 98% used [0x00000000fb000000,0x00000000fb8e8150,0x00000000fb900000)
  to   space 38912K, 0% used [0x00000000fd600000,0x00000000fd600000,0x00000000ffc00000)
 ParOldGen       total 336896K, used 151025K [0x0000000080000000, 0x0000000094900000, 0x00000000d5580000)
  object space 336896K, 44% used [0x0000000080000000,0x000000008937c5a0,0x0000000094900000)
 Metaspace       used 87661K, capacity 92337K, committed 96024K, reserved 1132544K
  class space    used 11491K, capacity 12312K, committed 13104K, reserved 1048576K
Event: 181.116 GC heap after
Heap after GC invocations=36 (full 4):
 PSYoungGen      total 656896K, used 8475K [0x00000000d5580000, 0x0000000100000000, 0x0000000100000000)
  eden space 617984K, 0% used [0x00000000d5580000,0x00000000d5580000,0x00000000fb100000)
  from space 38912K, 21% used [0x00000000fd600000,0x00000000fde46ce0,0x00000000ffc00000)
  to   space 37888K, 0% used [0x00000000fb100000,0x00000000fb100000,0x00000000fd600000)
 ParOldGen       total 336896K, used 156403K [0x0000000080000000, 0x0000000094900000, 0x00000000d5580000)
  object space 336896K, 46% used [0x0000000080000000,0x00000000898bcc48,0x0000000094900000)
 Metaspace       used 87661K, capacity 92337K, committed 96024K, reserved 1132544K
  class space    used 11491K, capacity 12312K, committed 13104K, reserved 1048576K
}
Event: 181.622 GC heap before
{Heap before GC invocations=37 (full 4):
 PSYoungGen      total 656896K, used 626459K [0x00000000d5580000, 0x0000000100000000, 0x0000000100000000)
  eden space 617984K, 100% used [0x00000000d5580000,0x00000000fb100000,0x00000000fb100000)
  from space 38912K, 21% used [0x00000000fd600000,0x00000000fde46ce0,0x00000000ffc00000)
  to   space 37888K, 0% used [0x00000000fb100000,0x00000000fb100000,0x00000000fd600000)
 ParOldGen       total 336896K, used 156403K [0x0000000080000000, 0x0000000094900000, 0x00000000d5580000)
  object space 336896K, 46% used [0x0000000080000000,0x00000000898bcc48,0x0000000094900000)
 Metaspace       used 87665K, capacity 92337K, committed 96024K, reserved 1132544K
  class space    used 11491K, capacity 12312K, committed 13104K, reserved 1048576K
Event: 181.636 GC heap after
Heap after GC invocations=37 (full 4):
 PSYoungGen      total 655872K, used 8928K [0x00000000d5580000, 0x00000000ffd00000, 0x0000000100000000)
  eden space 617984K, 0% used [0x00000000d5580000,0x00000000d5580000,0x00000000fb100000)
  from space 37888K, 23% used [0x00000000fb100000,0x00000000fb9b8010,0x00000000fd600000)
  to   space 36864K, 0% used [0x00000000fd900000,0x00000000fd900000,0x00000000ffd00000)
 ParOldGen       total 336896K, used 164518K [0x0000000080000000, 0x0000000094900000, 0x00000000d5580000)
  object space 336896K, 48% used [0x0000000080000000,0x000000008a0a9978,0x0000000094900000)
 Metaspace       used 87665K, capacity 92337K, committed 96024K, reserved 1132544K
  class space    used 11491K, capacity 12312K, committed 13104K, reserved 1048576K
}
Event: 182.511 GC heap before
{Heap before GC invocations=38 (full 4):
 PSYoungGen      total 655872K, used 626912K [0x00000000d5580000, 0x00000000ffd00000, 0x0000000100000000)
  eden space 617984K, 100% used [0x00000000d5580000,0x00000000fb100000,0x00000000fb100000)
  from space 37888K, 23% used [0x00000000fb100000,0x00000000fb9b8010,0x00000000fd600000)
  to   space 36864K, 0% used [0x00000000fd900000,0x00000000fd900000,0x00000000ffd00000)
 ParOldGen       total 336896K, used 164518K [0x0000000080000000, 0x0000000094900000, 0x00000000d5580000)
  object space 336896K, 48% used [0x0000000080000000,0x000000008a0a9978,0x0000000094900000)
 Metaspace       used 87695K, capacity 92347K, committed 96024K, reserved 1132544K
  class space    used 11493K, capacity 12313K, committed 13104K, reserved 1048576K
Event: 182.527 GC heap after
Heap after GC invocations=38 (full 4):
 PSYoungGen      total 659968K, used 7731K [0x00000000d5580000, 0x00000000ffd00000, 0x0000000100000000)
  eden space 623104K, 0% used [0x00000000d5580000,0x00000000d5580000,0x00000000fb600000)
  from space 36864K, 20% used [0x00000000fd900000,0x00000000fe08cfe8,0x00000000ffd00000)
  to   space 35840K, 0% used [0x00000000fb600000,0x00000000fb600000,0x00000000fd900000)
 ParOldGen       total 336896K, used 169978K [0x0000000080000000, 0x0000000094900000, 0x00000000d5580000)
  object space 336896K, 50% used [0x0000000080000000,0x000000008a5fe998,0x0000000094900000)
 Metaspace       used 87695K, capacity 92347K, committed 96024K, reserved 1132544K
  class space    used 11493K, capacity 12313K, committed 13104K, reserved 1048576K
}
Event: 184.754 GC heap before
{Heap before GC invocations=39 (full 4):
 PSYoungGen      total 659968K, used 630835K [0x00000000d5580000, 0x00000000ffd00000, 0x0000000100000000)
  eden space 623104K, 100% used [0x00000000d5580000,0x00000000fb600000,0x00000000fb600000)
  from space 36864K, 20% used [0x00000000fd900000,0x00000000fe08cfe8,0x00000000ffd00000)
  to   space 35840K, 0% used [0x00000000fb600000,0x00000000fb600000,0x00000000fd900000)
 ParOldGen       total 336896K, used 169978K [0x0000000080000000, 0x0000000094900000, 0x00000000d5580000)
  object space 336896K, 50% used [0x0000000080000000,0x000000008a5fe998,0x0000000094900000)
 Metaspace       used 87900K, capacity 92513K, committed 96152K, reserved 1132544K
  class space    used 11525K, capacity 12358K, committed 13232K, reserved 1048576K
Event: 184.775 GC heap after
Heap after GC invocations=39 (full 4):
 PSYoungGen      total 658944K, used 19820K [0x00000000d5580000, 0x00000000fff00000, 0x0000000100000000)
  eden space 623104K, 0% used [0x00000000d5580000,0x00000000d5580000,0x00000000fb600000)
  from space 35840K, 55% used [0x00000000fb600000,0x00000000fc95b3b8,0x00000000fd900000)
  to   space 35840K, 0% used [0x00000000fdc00000,0x00000000fdc00000,0x00000000fff00000)
 ParOldGen       total 336896K, used 174882K [0x0000000080000000, 0x0000000094900000, 0x00000000d5580000)
  object space 336896K, 51% used [0x0000000080000000,0x000000008aac8bc8,0x0000000094900000)
 Metaspace       used 87900K, capacity 92513K, committed 96152K, reserved 1132544K
  class space    used 11525K, capacity 12358K, committed 13232K, reserved 1048576K
}

